/home/sbanda/Fall20-DL-CG/Project2/Finale
c37a-s32.ufhpc
Wed Nov 11 15:40:36 EST 2020
Lmod has detected the following error: The following module(s) are unknown: "torch"

Please check the spelling or version number. Also try "module spider ..."
It is also possible your cache file is out-of-date; it may help to try:
  $ module --ignore-cache load "torch"

Also make sure that all modulefiles written in TCL start with the string #%Module



Lmod has detected the following error: The following module(s) are unknown: "torchvision"

Please check the spelling or version number. Also try "module spider ..."
It is also possible your cache file is out-of-date; it may help to try:
  $ module --ignore-cache load "torchvision"

Also make sure that all modulefiles written in TCL start with the string #%Module



Running script
Model Init Done
Traceback (most recent call last):
  File "/home/sbanda/Fall20-DL-CG/Project2/Finale/main_channel.py", line 108, in <module>
    main()
  File "/home/sbanda/Fall20-DL-CG/Project2/Finale/main_channel.py", line 104, in main
    colorize('/home/sbanda/Fall20-DL-CG/Project2/Finale/models/model_channel.pkl',test_channel_path)
  File "/home/sbanda/Fall20-DL-CG/Project2/Finale/predict.py", line 60, in colorize
    val_imagefolder = ImageLoader(test_path , val_transforms)
NameError: name 'ImageLoader' is not defined
Wed Nov 11 15:40:49 EST 2020
